# Logfile created on 2014-03-07 12:29:04 -0600 by logger.rb/44203
I, [2014-03-07T12:29:04.158325 #61070]  INFO -- : 1:  coffee-script-source (1.7.0) from /Users/tukaiz/.rvm/gems/ruby-2.1.0@front_end/specifications/coffee-script-source-1.7.0.gemspec
I, [2014-03-07T12:29:04.608520 #61069]  INFO -- : 0:  sass (3.2.14) from /Users/tukaiz/.rvm/gems/ruby-2.1.0@front_end/specifications/sass-3.2.14.gemspec
I, [2014-03-07T12:29:05.611800 #61073]  INFO -- : 4:  fssm (0.2.10) from /Users/tukaiz/.rvm/gems/ruby-2.1.0@front_end/specifications/fssm-0.2.10.gemspec
I, [2014-03-07T12:29:05.623818 #61072]  INFO -- : 3:  multi_json (1.9.0) from /Users/tukaiz/.rvm/gems/ruby-2.1.0@front_end/specifications/multi_json-1.9.0.gemspec
I, [2014-03-07T12:29:05.673684 #61071]  INFO -- : 2:  i18n (0.6.9) from /Users/tukaiz/.rvm/gems/ruby-2.1.0@front_end/specifications/i18n-0.6.9.gemspec
I, [2014-03-07T12:29:05.674473 #61071]  INFO -- : 2:  json (1.8.1) from /Users/tukaiz/.rvm/rubies/ruby-2.1.0/lib/ruby/gems/2.1.0/specifications/default/json-1.8.1.gemspec
I, [2014-03-07T12:29:06.043341 #61072]  INFO -- : 3:  hike (1.2.3) from /Users/tukaiz/.rvm/gems/ruby-2.1.0@front_end/specifications/hike-1.2.3.gemspec
I, [2014-03-07T12:29:06.190059 #61074]  INFO -- : 5:  chunky_png (1.3.0) from /Users/tukaiz/.rvm/gems/ruby-2.1.0@front_end/specifications/chunky_png-1.3.0.gemspec
I, [2014-03-07T12:29:06.191133 #61074]  INFO -- : 5:  bundler (1.5.1) from /Users/tukaiz/.rvm/gems/ruby-2.1.0@global/specifications/bundler-1.5.1.gemspec
I, [2014-03-07T12:29:06.295864 #61073]  INFO -- : 4:  tilt (1.4.1) from /Users/tukaiz/.rvm/gems/ruby-2.1.0@front_end/specifications/tilt-1.4.1.gemspec
I, [2014-03-07T12:29:06.552612 #61070]  INFO -- : 1:  http_parser.rb (0.5.3) from /Users/tukaiz/.rvm/gems/ruby-2.1.0@front_end/specifications/http_parser.rb-0.5.3.gemspec
I, [2014-03-07T12:29:06.614172 #61071]  INFO -- : 2:  kramdown (1.3.2) from /Users/tukaiz/.rvm/gems/ruby-2.1.0@front_end/specifications/kramdown-1.3.2.gemspec
I, [2014-03-07T12:29:06.724712 #61072]  INFO -- : 3:  rb-fsevent (0.9.4) from /Users/tukaiz/.rvm/gems/ruby-2.1.0@front_end/specifications/rb-fsevent-0.9.4.gemspec
I, [2014-03-07T12:29:06.881954 #61073]  INFO -- : 4:  thor (0.18.1) from /Users/tukaiz/.rvm/gems/ruby-2.1.0@front_end/specifications/thor-0.18.1.gemspec
I, [2014-03-07T12:29:06.891505 #61070]  INFO -- : 1:  execjs (1.4.0) from /Users/tukaiz/.rvm/gems/ruby-2.1.0@front_end/specifications/execjs-1.4.0.gemspec
I, [2014-03-07T12:29:07.451235 #61074]  INFO -- : 5:  rack (1.5.2) from /Users/tukaiz/.rvm/gems/ruby-2.1.0@front_end/specifications/rack-1.5.2.gemspec
I, [2014-03-07T12:29:07.451754 #61070]  INFO -- : 1:  coffee-script (2.2.0) from /Users/tukaiz/.rvm/gems/ruby-2.1.0@front_end/specifications/coffee-script-2.2.0.gemspec
I, [2014-03-07T12:29:07.488267 #61073]  INFO -- : 4:  haml (4.0.5) from /Users/tukaiz/.rvm/gems/ruby-2.1.0@front_end/specifications/haml-4.0.5.gemspec
I, [2014-03-07T12:29:07.619929 #61071]  INFO -- : 2:  activesupport (3.2.17) from /Users/tukaiz/.rvm/gems/ruby-2.1.0@front_end/specifications/activesupport-3.2.17.gemspec
I, [2014-03-07T12:29:07.774101 #61070]  INFO -- : 1:  rack-test (0.6.2) from /Users/tukaiz/.rvm/gems/ruby-2.1.0@front_end/specifications/rack-test-0.6.2.gemspec
I, [2014-03-07T12:29:07.796200 #61073]  INFO -- : 4:  sprockets (2.11.0) from /Users/tukaiz/.rvm/gems/ruby-2.1.0@front_end/specifications/sprockets-2.11.0.gemspec
I, [2014-03-07T12:29:07.907191 #61074]  INFO -- : 5:  uglifier (2.4.0) from /Users/tukaiz/.rvm/gems/ruby-2.1.0@front_end/specifications/uglifier-2.4.0.gemspec
I, [2014-03-07T12:29:07.978541 #61071]  INFO -- : 2:  rack-livereload (0.3.15) from /Users/tukaiz/.rvm/gems/ruby-2.1.0@front_end/specifications/rack-livereload-0.3.15.gemspec
I, [2014-03-07T12:29:08.094426 #61070]  INFO -- : 1:  sprockets-helpers (1.0.1) from /Users/tukaiz/.rvm/gems/ruby-2.1.0@front_end/specifications/sprockets-helpers-1.0.1.gemspec
I, [2014-03-07T12:29:08.204367 #61073]  INFO -- : 4:  sprockets-sass (1.0.3) from /Users/tukaiz/.rvm/gems/ruby-2.1.0@front_end/specifications/sprockets-sass-1.0.3.gemspec
I, [2014-03-07T12:29:08.549733 #61072]  INFO -- : 3:  compass (0.12.3) from /Users/tukaiz/.rvm/gems/ruby-2.1.0@front_end/specifications/compass-0.12.3.gemspec
I, [2014-03-07T12:29:10.752603 #61069]  INFO -- : 0:  ffi (1.9.3) from /Users/tukaiz/.rvm/gems/ruby-2.1.0@front_end/specifications/ffi-1.9.3.gemspec
I, [2014-03-07T12:29:13.635840 #61075]  INFO -- : 6:  eventmachine (1.0.3) from /Users/tukaiz/.rvm/gems/ruby-2.1.0@front_end/specifications/eventmachine-1.0.3.gemspec
I, [2014-03-07T12:29:13.690860 #61071]  INFO -- : 2:  rb-kqueue (0.2.2) from /Users/tukaiz/.rvm/gems/ruby-2.1.0@front_end/specifications/rb-kqueue-0.2.2.gemspec
I, [2014-03-07T12:29:13.701449 #61074]  INFO -- : 5:  rb-inotify (0.9.3) from /Users/tukaiz/.rvm/gems/ruby-2.1.0@front_end/specifications/rb-inotify-0.9.3.gemspec
I, [2014-03-07T12:29:14.100389 #61073]  INFO -- : 4:  listen (1.3.1) from /Users/tukaiz/.rvm/gems/ruby-2.1.0@front_end/specifications/listen-1.3.1.gemspec
I, [2014-03-07T12:29:14.113046 #61070]  INFO -- : 1:  em-websocket (0.5.0) from /Users/tukaiz/.rvm/gems/ruby-2.1.0@front_end/specifications/em-websocket-0.5.0.gemspec
I, [2014-03-07T12:29:15.363034 #61072]  INFO -- : 3:  middleman-core (3.2.2) from /Users/tukaiz/.rvm/gems/ruby-2.1.0@front_end/specifications/middleman-core-3.2.2.gemspec
I, [2014-03-07T12:29:15.608405 #61075]  INFO -- : 6:  middleman-livereload (3.1.1) from /Users/tukaiz/.rvm/gems/ruby-2.1.0@front_end/specifications/middleman-livereload-3.1.1.gemspec
I, [2014-03-07T12:29:15.724088 #61069]  INFO -- : 0:  middleman-sprockets (3.3.1) from /Users/tukaiz/.rvm/gems/ruby-2.1.0@front_end/specifications/middleman-sprockets-3.3.1.gemspec
I, [2014-03-07T12:29:15.950150 #61071]  INFO -- : 2:  middleman (3.2.2) from /Users/tukaiz/.rvm/gems/ruby-2.1.0@front_end/specifications/middleman-3.2.2.gemspec
